*****************************************************************
      SolidWorks Corporation - IGES Processor Status Report
*****************************************************************
=================================================================
General Information
=================================================================
Sending System Product I.D.  : HB9500_ASM
Receiving System Product I.D.: HB9500_ASM
File Name                    : hb9500_asm.igs
Sending System               : Creo Parametric by PTC Inc.
Preprocessor Version         : 2014190
File Creation Date           : 20171226.165211
Model Creation Date          : 20171226.165211
Units                        : MM
Model Space Scale            : 1
Author                       : MACFOS
Organization                 : Unknown


=================================================================
Entity Processing Information
=================================================================


=================================================================
Precision analysis of IGES file:
=================================================================
  Most prevalent number of significant digits:              13
  Highest number of significant digits:                     13
  Average number of significant digits:                7.03647
  Maximum distance to origin:                           27.286
  Minimum distance to origin:                                0
  Effective number of significant digits:                   13


=================================================================
Entity Summary
=================================================================
-----------------------------------------------------------------
Type Name                                         Count Converted
---- ----                                         ----- ---------
100  Arc                                            116       116
102  Composite curve                                366       366
110  Line                                          1496      1496
120  Surface of revolution                           34        34
124  Transformation matrix                          116       116
126  Rational B-spline curve                        100       100
128  Rational B-spline surface                      135       135
142  Curve on a parametric surface                  183       183
144  Trimmed parametric surface                     169       169
314  Color definition                                11        11
402  Associativity instance                           3         3
406  Property                                         3         3
_________________________________________________________________


=================================================================
Result Summary
=================================================================
SolidWorks Feature Type                Count
-----------------------                -----
Solid feature(s)                       3
Surface feature(s)                     0
Curve/Sketch feature(s)                0
--------------------------------------------
Start time: Monday, September 07, 2020 09:41:59
Finish time: Monday, September 07, 2020 09:42:14
Processing time: 0 days, 00 hours, 00 mins, 15 secs
